{"name": "User is able to login to Reelly", "status": "broken", "statusDetails": {"message": "selenium.common.exceptions.TimeoutException: Message: Element via ('css selector', '.h1-menu') is not visible\nStacktrace:\n\tGetHandleVerifier [0x00838D03+51395]\n\t(No symbol) [0x007A5F61]\n\t(No symbol) [0x0065E13A]\n\t(No symbol) [0x006962BB]\n\t(No symbol) [0x006963EB]\n\t(No symbol) [0x006CC162]\n\t(No symbol) [0x006B3ED4]\n\t(No symbol) [0x006CA570]\n\t(No symbol) [0x006B3C26]\n\t(No symbol) [0x0068C629]\n\t(No symbol) [0x0068D40D]\n\tGetHandleVerifier [0x00BB68D3+3712147]\n\tGetHandleVerifier [0x00BF5CBA+3971194]\n\tGetHandleVerifier [0x00BF0FA8+3951464]\n\tGetHandleVerifier [0x008E9D09+776393]\n\t(No symbol) [0x007B1734]\n\t(No symbol) [0x007AC618]\n\t(No symbol) [0x007AC7C9]\n\t(No symbol) [0x0079DDF0]\n\tBaseThreadInitThunk [0x77B1FCC9+25]\n\tRtlGetAppContainerNamedObjectPath [0x77DE7C6E+286]\n\tRtlGetAppContainerNamedObjectPath [0x77DE7C3E+238]\n\n", "trace": "  File \"C:\\Users\\Nikita\\PycharmProjects\\internship\\.venv\\Lib\\site-packages\\behave\\model.py\", line 1329, in run\n    match.run(runner.context)\n  File \"C:\\Users\\Nikita\\PycharmProjects\\internship\\.venv\\Lib\\site-packages\\behave\\matchers.py\", line 98, in run\n    self.func(context, *args, **kwargs)\n  File \"features\\steps\\main_page_steps.py\", line 10, in verify_main_page\n    context.app.main_page.verify_main_page()\n  File \"C:\\Users\\Nikita\\PycharmProjects\\internship\\pages\\main_page.py\", line 11, in verify_main_page\n    self.verify_text('Main menu',*self.MAIN_MENU_TEXT)\n  File \"C:\\Users\\Nikita\\PycharmProjects\\internship\\pages\\base_page.py\", line 33, in verify_text\n    actual_text = self.wait.until(\n                  ^^^^^^^^^^^^^^^^\n  File \"C:\\Users\\Nikita\\PycharmProjects\\internship\\.venv\\Lib\\site-packages\\selenium\\webdriver\\support\\wait.py\", line 105, in until\n    raise TimeoutException(message, screen, stacktrace)\n"}, "steps": [{"name": "Given I navigate to: https://soft.reelly.io/sign-in", "status": "passed", "start": 1710623723635, "stop": 1710623726770}, {"name": "When I input username: ''", "status": "passed", "start": 1710623726770, "stop": 1710623726823}, {"name": "When I input password: ''", "status": "passed", "start": 1710623726823, "stop": 1710623726869}, {"name": "When I click button: Continue", "status": "passed", "start": 1710623726869, "stop": 1710623726919}, {"name": "Then I verify page is displayed: Main Page", "status": "broken", "statusDetails": {"message": "selenium.common.exceptions.TimeoutException: Message: Element via ('css selector', '.h1-menu') is not visible\nStacktrace:\n\tGetHandleVerifier [0x00838D03+51395]\n\t(No symbol) [0x007A5F61]\n\t(No symbol) [0x0065E13A]\n\t(No symbol) [0x006962BB]\n\t(No symbol) [0x006963EB]\n\t(No symbol) [0x006CC162]\n\t(No symbol) [0x006B3ED4]\n\t(No symbol) [0x006CA570]\n\t(No symbol) [0x006B3C26]\n\t(No symbol) [0x0068C629]\n\t(No symbol) [0x0068D40D]\n\tGetHandleVerifier [0x00BB68D3+3712147]\n\tGetHandleVerifier [0x00BF5CBA+3971194]\n\tGetHandleVerifier [0x00BF0FA8+3951464]\n\tGetHandleVerifier [0x008E9D09+776393]\n\t(No symbol) [0x007B1734]\n\t(No symbol) [0x007AC618]\n\t(No symbol) [0x007AC7C9]\n\t(No symbol) [0x0079DDF0]\n\tBaseThreadInitThunk [0x77B1FCC9+25]\n\tRtlGetAppContainerNamedObjectPath [0x77DE7C6E+286]\n\tRtlGetAppContainerNamedObjectPath [0x77DE7C3E+238]\n\n", "trace": "  File \"C:\\Users\\Nikita\\PycharmProjects\\internship\\.venv\\Lib\\site-packages\\behave\\model.py\", line 1329, in run\n    match.run(runner.context)\n  File \"C:\\Users\\Nikita\\PycharmProjects\\internship\\.venv\\Lib\\site-packages\\behave\\matchers.py\", line 98, in run\n    self.func(context, *args, **kwargs)\n  File \"features\\steps\\main_page_steps.py\", line 10, in verify_main_page\n    context.app.main_page.verify_main_page()\n  File \"C:\\Users\\Nikita\\PycharmProjects\\internship\\pages\\main_page.py\", line 11, in verify_main_page\n    self.verify_text('Main menu',*self.MAIN_MENU_TEXT)\n  File \"C:\\Users\\Nikita\\PycharmProjects\\internship\\pages\\base_page.py\", line 33, in verify_text\n    actual_text = self.wait.until(\n                  ^^^^^^^^^^^^^^^^\n  File \"C:\\Users\\Nikita\\PycharmProjects\\internship\\.venv\\Lib\\site-packages\\selenium\\webdriver\\support\\wait.py\", line 105, in until\n    raise TimeoutException(message, screen, stacktrace)\n"}, "start": 1710623726919, "stop": 1710623737043}], "start": 1710623719626, "stop": 1710623739178, "uuid": "2ef7b3b9-46db-4aa4-8663-184e1b10a038", "historyId": "3333482459495464043746196c478ec4", "fullName": "Test Scenarios for Reelly: User is able to login to Reelly", "labels": [{"name": "severity", "value": "normal"}, {"name": "tag", "value": "smoke"}, {"name": "feature", "value": "Test Scenarios for Reelly"}, {"name": "framework", "value": "behave"}, {"name": "language", "value": "cpython3"}]}